<?xml version="1.0" encoding="UTF-8"?>
<testsuite name="org.traas.fizzbuzz.facade.FizzBuzzFacadeTest" tests="4" skipped="0" failures="0" errors="0" timestamp="2020-11-15T18:36:13" hostname="baggins" time="0.148">
  <properties/>
  <testcase name="test1is1" classname="org.traas.fizzbuzz.facade.FizzBuzzFacadeTest" time="0.135"/>
  <testcase name="test3isFizz" classname="org.traas.fizzbuzz.facade.FizzBuzzFacadeTest" time="0.0"/>
  <testcase name="test5isBuzz" classname="org.traas.fizzbuzz.facade.FizzBuzzFacadeTest" time="0.0"/>
  <testcase name="test15isFizzBuzz" classname="org.traas.fizzbuzz.facade.FizzBuzzFacadeTest" time="0.012"/>
  <system-out><![CDATA[]]></system-out>
  <system-err><![CDATA[]]></system-err>
</testsuite>
