<?xml version="1.0" encoding="UTF-8"?>
<testsuite name="org.traas.fizzbuzz.facade.FizzBuzzFacadeTest" tests="6" skipped="0" failures="0" errors="0" timestamp="2020-11-16T17:33:19" hostname="baggins" time="0.134">
  <properties/>
  <testcase name="test_fizzBuzzerRange_1contains1" classname="org.traas.fizzbuzz.facade.FizzBuzzFacadeTest" time="0.132"/>
  <testcase name="test_fizzBuzzer_5isBuzz" classname="org.traas.fizzbuzz.facade.FizzBuzzFacadeTest" time="0.0"/>
  <testcase name="test_fizzBuzzerRange_15contains15withReplacements" classname="org.traas.fizzbuzz.facade.FizzBuzzFacadeTest" time="0.0"/>
  <testcase name="test_fizzBuzzer_1is1" classname="org.traas.fizzbuzz.facade.FizzBuzzFacadeTest" time="0.0"/>
  <testcase name="test_fizzBuzzer_3isFizz" classname="org.traas.fizzbuzz.facade.FizzBuzzFacadeTest" time="0.0"/>
  <testcase name="test_fizzBuzzer_15isFizzBuzz" classname="org.traas.fizzbuzz.facade.FizzBuzzFacadeTest" time="0.0"/>
  <system-out><![CDATA[]]></system-out>
  <system-err><![CDATA[]]></system-err>
</testsuite>
